2022-06-21 09:51:56,919 INFO werkzeug MainThread :  * Running on http://127.0.0.1:5000 (Press CTRL+C to quit)
2022-06-21 09:51:56,924 INFO werkzeug MainThread :  * Restarting with stat
2022-06-21 10:03:26,365 INFO werkzeug Thread-3 (process_request_thread) : 127.0.0.1 - - [21/Jun/2022 10:03:26] "[35m[1mPOST /predict HTTP/1.1[0m" 500 -
2022-06-21 10:03:48,701 INFO werkzeug MainThread :  * Detected change in 'C:\\Users\\jsmoo\\data-ops-mle-challenge-submission\\local-docker\\src\\app.py', reloading
2022-06-21 10:03:51,163 INFO werkzeug MainThread :  * Restarting with stat
2022-06-21 10:04:20,917 DEBUG urllib3.connectionpool Thread-3 (process_request_thread) : Starting new HTTPS connection (1): hooks.slack.com:443
2022-06-21 10:04:21,131 DEBUG urllib3.connectionpool Thread-3 (process_request_thread) : https://hooks.slack.com:443 "POST /services/T03KYH050G4/B03LTH1RTFT/N1XYjO8O1LESu2MWS4UI4eCT HTTP/1.1" 200 22
2022-06-21 10:04:21,142 ERROR app Thread-3 (process_request_thread) : Input data quality check failed: missing values detected in request file, Request ID: 9994a49f-fa63-4b84-ab07-fdc7bbeaf195
2022-06-21 10:04:21,144 INFO werkzeug Thread-3 (process_request_thread) : 127.0.0.1 - - [21/Jun/2022 10:04:21] "[31m[1mPOST /predict HTTP/1.1[0m" 400 -
2022-06-21 10:04:21,165 DEBUG urllib3.connectionpool Thread-4 (process_request_thread) : Starting new HTTPS connection (1): hooks.slack.com:443
2022-06-21 10:04:21,339 DEBUG urllib3.connectionpool Thread-4 (process_request_thread) : https://hooks.slack.com:443 "POST /services/T03KYH050G4/B03LTH1RTFT/N1XYjO8O1LESu2MWS4UI4eCT HTTP/1.1" 200 22
2022-06-21 10:04:21,344 ERROR app Thread-4 (process_request_thread) : Input data quality check failed: missing values detected in request file, Request ID: 067d05b7-1d41-4a62-9569-bec6a629430a
2022-06-21 10:04:21,345 INFO werkzeug Thread-4 (process_request_thread) : 127.0.0.1 - - [21/Jun/2022 10:04:21] "[31m[1mPOST /predict HTTP/1.1[0m" 400 -
2022-06-21 10:04:36,111 INFO werkzeug Thread-5 (process_request_thread) : 127.0.0.1 - - [21/Jun/2022 10:04:36] "[31m[1mPOST /predict HTTP/1.1[0m" 400 -
2022-06-21 10:06:07,382 INFO werkzeug MainThread :  * Detected change in 'C:\\Users\\jsmoo\\data-ops-mle-challenge-submission\\local-docker\\src\\app.py', reloading
2022-06-21 10:06:08,363 INFO werkzeug MainThread :  * Restarting with stat
2022-06-21 10:06:21,157 INFO werkzeug Thread-3 (process_request_thread) : 127.0.0.1 - - [21/Jun/2022 10:06:21] "[35m[1mPOST /predict HTTP/1.1[0m" 500 -
2022-06-21 10:06:43,202 INFO werkzeug MainThread :  * Detected change in 'C:\\Users\\jsmoo\\data-ops-mle-challenge-submission\\local-docker\\src\\app.py', reloading
2022-06-21 10:06:43,820 INFO werkzeug MainThread :  * Restarting with stat
2022-06-21 10:06:55,158 INFO werkzeug MainThread :  * Restarting with stat
2022-06-21 10:07:05,189 INFO werkzeug Thread-3 (process_request_thread) : 127.0.0.1 - - [21/Jun/2022 10:07:05] "[35m[1mPOST /predict HTTP/1.1[0m" 500 -
2022-06-21 10:09:22,463 INFO werkzeug MainThread :  * Detected change in 'C:\\Users\\jsmoo\\data-ops-mle-challenge-submission\\local-docker\\src\\modules\\prediction.py', reloading
2022-06-21 10:09:22,990 INFO werkzeug MainThread :  * Restarting with stat
2022-06-21 10:09:34,513 DEBUG h5py._conv Thread-1 (_load_app) : Creating converter from 3 to 5
2022-06-21 10:09:35,999 INFO werkzeug Thread-3 (process_request_thread) : 127.0.0.1 - - [21/Jun/2022 10:09:35] "[35m[1mPOST /predict HTTP/1.1[0m" 500 -
2022-06-21 10:10:24,465 INFO werkzeug MainThread :  * Detected change in 'C:\\Users\\jsmoo\\data-ops-mle-challenge-submission\\local-docker\\src\\modules\\prediction.py', reloading
2022-06-21 10:10:25,105 INFO werkzeug MainThread :  * Restarting with stat
2022-06-21 10:10:35,296 DEBUG h5py._conv Thread-1 (_load_app) : Creating converter from 3 to 5
2022-06-21 10:10:59,908 INFO werkzeug MainThread :  * Detected change in 'C:\\Users\\jsmoo\\data-ops-mle-challenge-submission\\local-docker\\src\\modules\\prediction.py', reloading
2022-06-21 10:11:00,525 INFO werkzeug MainThread :  * Restarting with stat
2022-06-21 10:11:11,857 DEBUG h5py._conv Thread-1 (_load_app) : Creating converter from 3 to 5
2022-06-21 10:11:13,151 INFO werkzeug Thread-3 (process_request_thread) : 127.0.0.1 - - [21/Jun/2022 10:11:13] "POST /predict HTTP/1.1" 200 -
2022-06-21 10:12:03,971 INFO werkzeug MainThread :  * Detected change in 'C:\\Users\\jsmoo\\data-ops-mle-challenge-submission\\local-docker\\src\\app.py', reloading
2022-06-21 10:12:04,643 INFO werkzeug MainThread :  * Restarting with stat
2022-06-21 10:12:15,163 DEBUG h5py._conv Thread-1 (_load_app) : Creating converter from 3 to 5
2022-06-21 10:14:40,252 INFO werkzeug MainThread :  * Detected change in 'C:\\Users\\jsmoo\\data-ops-mle-challenge-submission\\local-docker\\src\\modules\\prediction.py', reloading
2022-06-21 10:14:40,876 INFO werkzeug MainThread :  * Restarting with stat
2022-06-21 10:14:50,434 DEBUG h5py._conv Thread-1 (_load_app) : Creating converter from 3 to 5
2022-06-21 10:22:57,515 INFO werkzeug MainThread :  * Detected change in 'C:\\Users\\jsmoo\\data-ops-mle-challenge-submission\\local-docker\\src\\modules\\prediction.py', reloading
2022-06-21 10:22:59,763 INFO werkzeug MainThread :  * Restarting with stat
2022-06-21 10:23:15,847 DEBUG h5py._conv Thread-1 (_load_app) : Creating converter from 3 to 5
2022-06-21 10:23:34,886 INFO werkzeug MainThread :  * Detected change in 'C:\\Users\\jsmoo\\data-ops-mle-challenge-submission\\local-docker\\src\\app.py', reloading
2022-06-21 10:23:35,521 INFO werkzeug MainThread :  * Restarting with stat
2022-06-21 10:23:47,242 DEBUG h5py._conv Thread-1 (_load_app) : Creating converter from 3 to 5
2022-06-21 10:25:27,889 INFO werkzeug MainThread :  * Detected change in 'C:\\Users\\jsmoo\\data-ops-mle-challenge-submission\\local-docker\\src\\modules\\validation.py', reloading
2022-06-21 10:25:28,624 INFO werkzeug MainThread :  * Restarting with stat
2022-06-21 10:25:40,364 DEBUG h5py._conv Thread-1 (_load_app) : Creating converter from 3 to 5
2022-06-21 10:25:56,205 INFO werkzeug MainThread :  * Detected change in 'C:\\Users\\jsmoo\\data-ops-mle-challenge-submission\\local-docker\\src\\app.py', reloading
2022-06-21 10:25:56,770 INFO werkzeug MainThread :  * Restarting with stat
2022-06-21 10:26:07,585 DEBUG h5py._conv Thread-1 (_load_app) : Creating converter from 3 to 5
